#
# A fatal error has been detected by the Java Runtime Environment:
#
#  EXCEPTION_ACCESS_VIOLATION (0xc0000005) at pc=0x0000000067a437fe, pid=792, tid=0x00000000000025b0
#
# JRE version: OpenJDK Runtime Environment (8.0_202-b03) (build 1.8.0_202-release-1483-b03)
# Java VM: OpenJDK 64-Bit Server VM (25.202-b03 mixed mode windows-amd64 compressed oops)
# Problematic frame:
# V  [jvm.dll+0x4337fe]
#
# Failed to write core dump. Minidumps are not enabled by default on client versions of Windows
#
# If you would like to submit a bug report, please visit:
#   http://bugreport.java.com/bugreport/crash.jsp
#

---------------  T H R E A D  ---------------

Current thread (0x0000000017dd5800):  JavaThread "C2 CompilerThread0" daemon [_thread_in_native, id=9648, stack(0x00000000183c0000,0x00000000184c0000)]

siginfo: ExceptionCode=0xc0000005, writing address 0x0000000067b2a658

Registers:
RAX=0x0000000000c66846, RBX=0x0000000025a2d030, RCX=0x0000000000000002, RDX=0x0000000000c66846
RSP=0x00000000184bc330, RBP=0x00000000184bc3e0, RSI=0x0000000000000246, RDI=0x0000000000000006
R8 =0x0000000000000040, R9 =0x0000000067b2a650, R10=0x0000000067dda650, R11=0x0000000067610000
R12=0x000000001edb62f0, R13=0x0000000000000008, R14=0x000000001edb65a0, R15=0x0000000000000001
RIP=0x0000000067a437fe, EFLAGS=0x0000000000010202

Top of Stack: (sp=0x00000000184bc330)
0x00000000184bc330:   000000001e189ea0 0000000000000010
0x00000000184bc340:   000000001e189e90 0000000067b0e13e
0x00000000184bc350:   000000001edb65a0 0000000067a98c49
0x00000000184bc360:   00000000184bc510 0000000000000001
0x00000000184bc370:   0000000000000008 000000001edb62f0
0x00000000184bc380:   00000000184bc510 0000000067a99351
0x00000000184bc390:   00000000184bc510 0000000000000002
0x00000000184bc3a0:   000000001e189e90 0000000000000008
0x00000000184bc3b0:   0000000000000908 0000000017dc8c40
0x00000000184bc3c0:   000000001dc502f0 00000000002a30d8
0x00000000184bc3d0:   000000001dc57880 000000001dc582d8
0x00000000184bc3e0:   0000000067c4b358 0000000017dc8c40
0x00000000184bc3f0:   0000000000000040 000000001e1b83a0
0x00000000184bc400:   00000000184bc4d0 00000000000003d8
0x00000000184bc410:   000000001974aa98 000000001974a6c0
0x00000000184bc420:   0000000000000000 000000001974a6b0 

Instructions: (pc=0x0000000067a437fe)
0x0000000067a437de:   b8 01 00 00 00 c1 ea 05 40 0f b6 cf 41 d3 e0 83
0x0000000067a437ee:   e2 07 8b ca 41 8b 14 91 8b c2 41 0b c0 41 85 d0
0x0000000067a437fe:   41 89 04 89 0f 95 c1 84 c9 75 02 ff 03 48 8b 5c
0x0000000067a4380e:   24 30 33 c0 84 c9 0f 94 c0 48 83 c4 20 5f c3 cc 


Register to memory mapping:

RAX=0x0000000000c66846 is an unknown value
RBX=0x0000000025a2d030 is an unknown value
RCX=0x0000000000000002 is an unknown value
RDX=0x0000000000c66846 is an unknown value
RSP=0x00000000184bc330 is pointing into the stack for thread: 0x0000000017dd5800
RBP=0x00000000184bc3e0 is pointing into the stack for thread: 0x0000000017dd5800
RSI=0x0000000000000246 is an unknown value
RDI=0x0000000000000006 is an unknown value
R8 =0x0000000000000040 is an unknown value
R9 =0x0000000067b2a650 is an unknown value
R10=0x0000000067dda650 is an unknown value
R11=0x0000000067610000 is an unknown value
R12=0x000000001edb62f0 is an unknown value
R13=0x0000000000000008 is an unknown value
R14=0x000000001edb65a0 is an unknown value
R15=0x0000000000000001 is an unknown value


Stack: [0x00000000183c0000,0x00000000184c0000],  sp=0x00000000184bc330,  free space=1008k
Native frames: (J=compiled Java code, j=interpreted, Vv=VM code, C=native code)
V  [jvm.dll+0x4337fe]
V  [jvm.dll+0x488c49]
V  [jvm.dll+0x489351]
V  [jvm.dll+0x436b3a]
V  [jvm.dll+0x4419bb]
V  [jvm.dll+0x4442b8]
V  [jvm.dll+0x4273d2]
V  [jvm.dll+0x8215f]
V  [jvm.dll+0x82abf]
V  [jvm.dll+0x21db7f]
V  [jvm.dll+0x26f5ba]
C  [msvcr100.dll+0x21d9f]
C  [msvcr100.dll+0x21e3b]
C  [KERNEL32.DLL+0x17974]
C  [ntdll.dll+0x6a271]


Current CompileTask:
C2:   6753 5032   !   4       java.net.URLClassLoader$1::run (63 bytes)


---------------  P R O C E S S  ---------------

Java Threads: ( => current thread )
  0x000000001db29800 JavaThread "Memory manager" [_thread_blocked, id=4264, stack(0x0000000025240000,0x0000000025340000)]
  0x000000001db25800 JavaThread "Cache worker for Build Output Cleanup Cache (C:\Users\Admin\AndroidStudioProjects\SchoolApp\.gradle\buildOutputCleanup)" [_thread_blocked, id=380, stack(0x0000000024740000,0x0000000024840000)]
  0x000000001db28000 JavaThread "Build operations Thread 4" [_thread_blocked, id=13084, stack(0x0000000024240000,0x0000000024340000)]
  0x000000001db2e800 JavaThread "Build operations Thread 3" [_thread_blocked, id=5960, stack(0x0000000024140000,0x0000000024240000)]
  0x000000001db2d000 JavaThread "Build operations Thread 2" [_thread_blocked, id=9576, stack(0x0000000024040000,0x0000000024140000)]
  0x000000001db2b800 JavaThread "Build operations" [_thread_blocked, id=9052, stack(0x0000000023f40000,0x0000000024040000)]
  0x000000001db27000 JavaThread "Cache worker for execution history cache (C:\Users\Admin\.gradle\caches\5.4.1\executionHistory)" [_thread_blocked, id=3248, stack(0x0000000022670000,0x0000000022770000)]
  0x000000001db24000 JavaThread "Cache worker for cache directory md-rule (C:\Users\Admin\.gradle\caches\5.4.1\md-rule)" [_thread_blocked, id=4136, stack(0x0000000022570000,0x0000000022670000)]
  0x0000000019c53000 JavaThread "Cache worker for cache directory md-supplier (C:\Users\Admin\.gradle\caches\5.4.1\md-supplier)" [_thread_blocked, id=3536, stack(0x0000000021230000,0x0000000021330000)]
  0x0000000019c52000 JavaThread "Cache worker for file hash cache (C:\Users\Admin\AndroidStudioProjects\SchoolApp\.gradle\5.4.1\fileHashes)" [_thread_blocked, id=10892, stack(0x0000000020d30000,0x0000000020e30000)]
  0x0000000019c54800 JavaThread "Cache worker for journal cache (C:\Users\Admin\.gradle\caches\journal-1)" [_thread_blocked, id=8680, stack(0x000000001d3e0000,0x000000001d4e0000)]
  0x0000000019c56800 JavaThread "File lock request listener" [_thread_in_native, id=10088, stack(0x000000001d2e0000,0x000000001d3e0000)]
  0x000000001a6a6000 JavaThread "Cache worker for file hash cache (C:\Users\Admin\.gradle\caches\5.4.1\fileHashes)" [_thread_blocked, id=9156, stack(0x000000001d1e0000,0x000000001d2e0000)]
  0x0000000019539000 JavaThread "Thread-9" [_thread_in_Java, id=5856, stack(0x000000001d0e0000,0x000000001d1e0000)]
  0x000000001a462000 JavaThread "Stdin handler" [_thread_blocked, id=8428, stack(0x000000001cfe0000,0x000000001d0e0000)]
  0x0000000018af7800 JavaThread "Asynchronous log dispatcher for DefaultDaemonConnection: socket connection from /127.0.0.1:55525 to /127.0.0.1:55526" [_thread_blocked, id=13608, stack(0x000000001cee0000,0x000000001cfe0000)]
  0x0000000018c76000 JavaThread "Daemon worker" [_thread_in_vm, id=13260, stack(0x000000001cde0000,0x000000001cee0000)]
  0x0000000018ec2000 JavaThread "Cancel handler" [_thread_blocked, id=5956, stack(0x000000001cce0000,0x000000001cde0000)]
  0x00000000197f8000 JavaThread "Handler for socket connection from /127.0.0.1:55525 to /127.0.0.1:55526" [_thread_in_native, id=8396, stack(0x000000001c9e0000,0x000000001cae0000)]
  0x0000000018eb8800 JavaThread "Daemon" [_thread_blocked, id=13692, stack(0x000000001c8e0000,0x000000001c9e0000)]
  0x0000000018093800 JavaThread "Daemon periodic checks" [_thread_blocked, id=9312, stack(0x000000001c7e0000,0x000000001c8e0000)]
  0x000000001a6fb000 JavaThread "Incoming local TCP Connector on port 55525" [_thread_in_native, id=1012, stack(0x000000001c5a0000,0x000000001c6a0000)]
  0x0000000018eea800 JavaThread "Daemon health stats" [_thread_blocked, id=12340, stack(0x000000001b360000,0x000000001b460000)]
  0x0000000017e5c800 JavaThread "Service Thread" daemon [_thread_blocked, id=9084, stack(0x00000000186c0000,0x00000000187c0000)]
  0x0000000017de0000 JavaThread "C1 CompilerThread2" daemon [_thread_blocked, id=9200, stack(0x00000000185c0000,0x00000000186c0000)]
  0x0000000017ddc800 JavaThread "C2 CompilerThread1" daemon [_thread_in_native, id=7124, stack(0x00000000184c0000,0x00000000185c0000)]
=>0x0000000017dd5800 JavaThread "C2 CompilerThread0" daemon [_thread_in_native, id=9648, stack(0x00000000183c0000,0x00000000184c0000)]
  0x0000000017dd2000 JavaThread "Attach Listener" daemon [_thread_blocked, id=2284, stack(0x00000000182c0000,0x00000000183c0000)]
  0x0000000017dca800 JavaThread "Signal Dispatcher" daemon [_thread_blocked, id=6780, stack(0x00000000181c0000,0x00000000182c0000)]
  0x0000000016985000 JavaThread "Finalizer" daemon [_thread_blocked, id=9832, stack(0x0000000017bc0000,0x0000000017cc0000)]
  0x0000000016975800 JavaThread "Reference Handler" daemon [_thread_blocked, id=13908, stack(0x0000000017ac0000,0x0000000017bc0000)]
  0x0000000002ef5800 JavaThread "main" [_thread_blocked, id=5292, stack(0x0000000002df0000,0x0000000002ef0000)]

Other Threads:
  0x0000000016944800 VMThread [stack: 0x00000000179c0000,0x0000000017ac0000] [id=12536]
  0x0000000017e1b800 WatcherThread [stack: 0x00000000187c0000,0x00000000188c0000] [id=8628]

VM state:not at safepoint (normal execution)

VM Mutex/Monitor currently owned by a thread: None

heap address: 0x00000000a0000000, size: 1536 MB, Compressed Oops mode: 32-bit
Narrow klass base: 0x0000000000000000, Narrow klass shift: 3
Compressed class space size: 1073741824 Address: 0x0000000100000000

Heap:
 PSYoungGen      total 135680K, used 59754K [0x00000000e0000000, 0x00000000ea900000, 0x0000000100000000)
  eden space 122368K, 37% used [0x00000000e0000000,0x00000000e2d5e430,0x00000000e7780000)
  from space 13312K, 99% used [0x00000000e7780000,0x00000000e847c6f0,0x00000000e8480000)
  to   space 17408K, 0% used [0x00000000e9800000,0x00000000e9800000,0x00000000ea900000)
 ParOldGen       total 105984K, used 24303K [0x00000000a0000000, 0x00000000a6780000, 0x00000000e0000000)
  object space 105984K, 22% used [0x00000000a0000000,0x00000000a17bbe80,0x00000000a6780000)
 Metaspace       used 55776K, capacity 57460K, committed 57768K, reserved 1099776K
  class space    used 7584K, capacity 8004K, committed 8104K, reserved 1048576K

Card table byte_map: [0x00000000123b0000,0x00000000126c0000] byte_map_base: 0x0000000011eb0000

Marking Bits: (ParMarkBitMap*) 0x0000000067dd9f30
 Begin Bits: [0x0000000012cc0000, 0x00000000144c0000)
 End Bits:   [0x00000000144c0000, 0x0000000015cc0000)

Polling page: 0x0000000000ee0000

CodeCache: size=245760Kb used=16717Kb max_used=16717Kb free=229042Kb
 bounds [0x0000000002ff0000, 0x0000000004050000, 0x0000000011ff0000]
 total_blobs=5623 nmethods=4845 adapters=691
 compilation: enabled

Compilation events (10 events):
Event: 6.722 Thread 0x0000000017de0000 5202       3       java.lang.Integer::<init> (10 bytes)
Event: 6.722 Thread 0x0000000017de0000 nmethod 5202 0x0000000004042a10 code [0x0000000004042b80, 0x0000000004042d90]
Event: 6.723 Thread 0x0000000017de0000 5203       3       org.gradle.api.internal.tasks.DefaultTaskDependency::add (34 bytes)
Event: 6.724 Thread 0x0000000017de0000 nmethod 5203 0x0000000004042e50 code [0x0000000004043060, 0x0000000004043af8]
Event: 6.728 Thread 0x0000000017de0000 5204       1       org.gradle.api.internal.tasks.properties.DefaultTypeMetadataStore$DefaultTypeMetadata::getPropertiesMetadata (5 bytes)
Event: 6.729 Thread 0x0000000017de0000 nmethod 5204 0x0000000004044510 code [0x0000000004044660, 0x0000000004044770]
Event: 6.731 Thread 0x0000000017de0000 5205       3       java.lang.reflect.Field::isSynthetic (8 bytes)
Event: 6.731 Thread 0x0000000017de0000 nmethod 5205 0x00000000040447d0 code [0x0000000004044940, 0x0000000004044bf0]
Event: 6.732 Thread 0x0000000017de0000 5206       3       org.gradle.internal.ImmutableActionSet::fromActions (63 bytes)
Event: 6.733 Thread 0x0000000017de0000 nmethod 5206 0x0000000004044c90 code [0x0000000004044ee0, 0x0000000004045e08]

GC Heap History (10 events):
Event: 3.786 GC heap before
{Heap before GC invocations=9 (full 1):
 PSYoungGen      total 77312K, used 74190K [0x00000000e0000000, 0x00000000e7300000, 0x0000000100000000)
  eden space 66560K, 100% used [0x00000000e0000000,0x00000000e4100000,0x00000000e4100000)
  from space 10752K, 70% used [0x00000000e4100000,0x00000000e4873868,0x00000000e4b80000)
  to   space 10240K, 0% used [0x00000000e6900000,0x00000000e6900000,0x00000000e7300000)
 ParOldGen       total 66560K, used 11006K [0x00000000a0000000, 0x00000000a4100000, 0x00000000e0000000)
  object space 66560K, 16% used [0x00000000a0000000,0x00000000a0abfa28,0x00000000a4100000)
 Metaspace       used 32578K, capacity 33270K, committed 33408K, reserved 1077248K
  class space    used 4463K, capacity 4678K, committed 4736K, reserved 1048576K
Event: 3.794 GC heap after
Heap after GC invocations=9 (full 1):
 PSYoungGen      total 106496K, used 9365K [0x00000000e0000000, 0x00000000e7400000, 0x0000000100000000)
  eden space 96256K, 0% used [0x00000000e0000000,0x00000000e0000000,0x00000000e5e00000)
  from space 10240K, 91% used [0x00000000e6900000,0x00000000e7225510,0x00000000e7300000)
  to   space 11264K, 0% used [0x00000000e5e00000,0x00000000e5e00000,0x00000000e6900000)
 ParOldGen       total 66560K, used 11014K [0x00000000a0000000, 0x00000000a4100000, 0x00000000e0000000)
  object space 66560K, 16% used [0x00000000a0000000,0x00000000a0ac1a28,0x00000000a4100000)
 Metaspace       used 32578K, capacity 33270K, committed 33408K, reserved 1077248K
  class space    used 4463K, capacity 4678K, committed 4736K, reserved 1048576K
}
Event: 4.171 GC heap before
{Heap before GC invocations=10 (full 1):
 PSYoungGen      total 106496K, used 59883K [0x00000000e0000000, 0x00000000e7400000, 0x0000000100000000)
  eden space 96256K, 52% used [0x00000000e0000000,0x00000000e3155790,0x00000000e5e00000)
  from space 10240K, 91% used [0x00000000e6900000,0x00000000e7225510,0x00000000e7300000)
  to   space 11264K, 0% used [0x00000000e5e00000,0x00000000e5e00000,0x00000000e6900000)
 ParOldGen       total 66560K, used 11014K [0x00000000a0000000, 0x00000000a4100000, 0x00000000e0000000)
  object space 66560K, 16% used [0x00000000a0000000,0x00000000a0ac1a28,0x00000000a4100000)
 Metaspace       used 34816K, capacity 35490K, committed 35496K, reserved 1079296K
  class space    used 4826K, capacity 5029K, committed 5032K, reserved 1048576K
Event: 4.180 GC heap after
Heap after GC invocations=10 (full 1):
 PSYoungGen      total 107520K, used 10408K [0x00000000e0000000, 0x00000000e9180000, 0x0000000100000000)
  eden space 96256K, 0% used [0x00000000e0000000,0x00000000e0000000,0x00000000e5e00000)
  from space 11264K, 92% used [0x00000000e5e00000,0x00000000e682a230,0x00000000e6900000)
  to   space 12288K, 0% used [0x00000000e8580000,0x00000000e8580000,0x00000000e9180000)
 ParOldGen       total 66560K, used 11022K [0x00000000a0000000, 0x00000000a4100000, 0x00000000e0000000)
  object space 66560K, 16% used [0x00000000a0000000,0x00000000a0ac3a28,0x00000000a4100000)
 Metaspace       used 34816K, capacity 35490K, committed 35496K, reserved 1079296K
  class space    used 4826K, capacity 5029K, committed 5032K, reserved 1048576K
}
Event: 4.180 GC heap before
{Heap before GC invocations=11 (full 2):
 PSYoungGen      total 107520K, used 10408K [0x00000000e0000000, 0x00000000e9180000, 0x0000000100000000)
  eden space 96256K, 0% used [0x00000000e0000000,0x00000000e0000000,0x00000000e5e00000)
  from space 11264K, 92% used [0x00000000e5e00000,0x00000000e682a230,0x00000000e6900000)
  to   space 12288K, 0% used [0x00000000e8580000,0x00000000e8580000,0x00000000e9180000)
 ParOldGen       total 66560K, used 11022K [0x00000000a0000000, 0x00000000a4100000, 0x00000000e0000000)
  object space 66560K, 16% used [0x00000000a0000000,0x00000000a0ac3a28,0x00000000a4100000)
 Metaspace       used 34816K, capacity 35490K, committed 35496K, reserved 1079296K
  class space    used 4826K, capacity 5029K, committed 5032K, reserved 1048576K
Event: 4.258 GC heap after
Heap after GC invocations=11 (full 2):
 PSYoungGen      total 107520K, used 0K [0x00000000e0000000, 0x00000000e9180000, 0x0000000100000000)
  eden space 96256K, 0% used [0x00000000e0000000,0x00000000e0000000,0x00000000e5e00000)
  from space 11264K, 0% used [0x00000000e5e00000,0x00000000e5e00000,0x00000000e6900000)
  to   space 12288K, 0% used [0x00000000e8580000,0x00000000e8580000,0x00000000e9180000)
 ParOldGen       total 105984K, used 17472K [0x00000000a0000000, 0x00000000a6780000, 0x00000000e0000000)
  object space 105984K, 16% used [0x00000000a0000000,0x00000000a1110260,0x00000000a6780000)
 Metaspace       used 34816K, capacity 35490K, committed 35496K, reserved 1079296K
  class space    used 4826K, capacity 5029K, committed 5032K, reserved 1048576K
}
Event: 5.242 GC heap before
{Heap before GC invocations=12 (full 2):
 PSYoungGen      total 107520K, used 96256K [0x00000000e0000000, 0x00000000e9180000, 0x0000000100000000)
  eden space 96256K, 100% used [0x00000000e0000000,0x00000000e5e00000,0x00000000e5e00000)
  from space 11264K, 0% used [0x00000000e5e00000,0x00000000e5e00000,0x00000000e6900000)
  to   space 12288K, 0% used [0x00000000e8580000,0x00000000e8580000,0x00000000e9180000)
 ParOldGen       total 105984K, used 17472K [0x00000000a0000000, 0x00000000a6780000, 0x00000000e0000000)
  object space 105984K, 16% used [0x00000000a0000000,0x00000000a1110260,0x00000000a6780000)
 Metaspace       used 43878K, capacity 44924K, committed 45224K, reserved 1087488K
  class space    used 5961K, capacity 6226K, committed 6312K, reserved 1048576K
Event: 5.254 GC heap after
Heap after GC invocations=12 (full 2):
 PSYoungGen      total 128000K, used 12269K [0x00000000e0000000, 0x00000000e9180000, 0x0000000100000000)
  eden space 115712K, 0% used [0x00000000e0000000,0x00000000e0000000,0x00000000e7100000)
  from space 12288K, 99% used [0x00000000e8580000,0x00000000e917b688,0x00000000e9180000)
  to   space 13312K, 0% used [0x00000000e7780000,0x00000000e7780000,0x00000000e8480000)
 ParOldGen       total 105984K, used 17535K [0x00000000a0000000, 0x00000000a6780000, 0x00000000e0000000)
  object space 105984K, 16% used [0x00000000a0000000,0x00000000a111ffb8,0x00000000a6780000)
 Metaspace       used 43878K, capacity 44924K, committed 45224K, reserved 1087488K
  class space    used 5961K, capacity 6226K, committed 6312K, reserved 1048576K
}
Event: 6.267 GC heap before
{Heap before GC invocations=13 (full 2):
 PSYoungGen      total 128000K, used 127981K [0x00000000e0000000, 0x00000000e9180000, 0x0000000100000000)
  eden space 115712K, 100% used [0x00000000e0000000,0x00000000e7100000,0x00000000e7100000)
  from space 12288K, 99% used [0x00000000e8580000,0x00000000e917b688,0x00000000e9180000)
  to   space 13312K, 0% used [0x00000000e7780000,0x00000000e7780000,0x00000000e8480000)
 ParOldGen       total 105984K, used 17535K [0x00000000a0000000, 0x00000000a6780000, 0x00000000e0000000)
  object space 105984K, 16% used [0x00000000a0000000,0x00000000a111ffb8,0x00000000a6780000)
 Metaspace       used 52939K, capacity 54544K, committed 54824K, reserved 1095680K
  class space    used 7197K, capacity 7637K, committed 7720K, reserved 1048576K
Event: 6.281 GC heap after
Heap after GC invocations=13 (full 2):
 PSYoungGen      total 135680K, used 13297K [0x00000000e0000000, 0x00000000ea900000, 0x0000000100000000)
  eden space 122368K, 0% used [0x00000000e0000000,0x00000000e0000000,0x00000000e7780000)
  from space 13312K, 99% used [0x00000000e7780000,0x00000000e847c6f0,0x00000000e8480000)
  to   space 17408K, 0% used [0x00000000e9800000,0x00000000e9800000,0x00000000ea900000)
 ParOldGen       total 105984K, used 24303K [0x00000000a0000000, 0x00000000a6780000, 0x00000000e0000000)
  object space 105984K, 22% used [0x00000000a0000000,0x00000000a17bbe80,0x00000000a6780000)
 Metaspace       used 52939K, capacity 54544K, committed 54824K, reserved 1095680K
  class space    used 7197K, capacity 7637K, committed 7720K, reserved 1048576K
}

Deoptimization events (10 events):
Event: 5.123 Thread 0x0000000018c76000 Uncommon trap: reason=unstable_if action=reinterpret pc=0x0000000003b748c0 method=java.util.LinkedHashMap.get(Ljava/lang/Object;)Ljava/lang/Object; @ 20
Event: 5.184 Thread 0x0000000018c76000 Uncommon trap: reason=unstable_if action=reinterpret pc=0x0000000003990024 method=org.objectweb.asm.ByteVector.putUTF8(Ljava/lang/String;)Lorg/objectweb/asm/ByteVector; @ 93
Event: 5.185 Thread 0x0000000018c76000 Uncommon trap: reason=range_check action=make_not_entrant pc=0x0000000003ca9a84 method=java.lang.String.charAt(I)C @ 27
Event: 5.283 Thread 0x0000000018c76000 Uncommon trap: reason=unstable_if action=reinterpret pc=0x00000000037f2fb0 method=org.objectweb.asm.ByteVector.putUTF8(Ljava/lang/String;)Lorg/objectweb/asm/ByteVector; @ 93
Event: 5.469 Thread 0x0000000018c76000 Uncommon trap: reason=unstable_if action=reinterpret pc=0x0000000003c50dac method=org.gradle.internal.reflect.PropertyAccessorType.of(Ljava/lang/reflect/Method;)Lorg/gradle/internal/reflect/PropertyAccessorType; @ 56
Event: 5.703 Thread 0x0000000018c76000 Uncommon trap: reason=unstable_if action=reinterpret pc=0x0000000003bf24ec method=jdk.internal.org.objectweb.asm.Type.getArgumentsAndReturnSizes(Ljava/lang/String;)I @ 88
Event: 5.785 Thread 0x0000000018c76000 Uncommon trap: reason=unstable_if action=reinterpret pc=0x00000000035c4924 method=java.lang.String.lastIndexOf([CII[CIII)I @ 17
Event: 6.215 Thread 0x0000000018c76000 Uncommon trap: reason=unstable_if action=reinterpret pc=0x0000000003b408e8 method=java.io.WinNTFileSystem.normalize(Ljava/lang/String;)Ljava/lang/String; @ 74
Event: 6.304 Thread 0x0000000018c76000 Uncommon trap: reason=unstable_if action=reinterpret pc=0x0000000003c2ca40 method=java.lang.reflect.AccessibleObject.setAccessible0(Ljava/lang/reflect/AccessibleObject;Z)V @ 23
Event: 6.384 Thread 0x0000000018c76000 Uncommon trap: reason=unstable_if action=reinterpret pc=0x0000000003e59e84 method=java.lang.String.lastIndexOf([CII[CIII)I @ 118

Classes redefined (0 events):
No events

Internal exceptions (10 events):
Event: 6.322 Thread 0x0000000018c76000 Exception <a 'java/lang/ClassNotFoundException': org/jetbrains/plugins/gradle/model/tests/ExternalTestsModelBeanInfo> (0x00000000e0627150) thrown at [D:\src\AOSP-openjdk-cygwin\jdk8u\hotspot\src\share\vm\classfile\systemDictionary.cpp, line 210]
Event: 6.322 Thread 0x0000000018c76000 Exception <a 'java/lang/ClassNotFoundException': org/jetbrains/plugins/gradle/model/tests/ExternalTestsModelCustomizer> (0x00000000e06393f0) thrown at [D:\src\AOSP-openjdk-cygwin\jdk8u\hotspot\src\share\vm\classfile\systemDictionary.cpp, line 210]
Event: 6.324 Thread 0x0000000018c76000 Exception <a 'java/lang/ClassNotFoundException': org/jetbrains/plugins/gradle/model/IntelliJProjectSettingsBeanInfo> (0x00000000e06742a8) thrown at [D:\src\AOSP-openjdk-cygwin\jdk8u\hotspot\src\share\vm\classfile\systemDictionary.cpp, line 210]
Event: 6.324 Thread 0x0000000018c76000 Exception <a 'java/lang/ClassNotFoundException': org/jetbrains/plugins/gradle/model/IntelliJProjectSettingsCustomizer> (0x00000000e06861b8) thrown at [D:\src\AOSP-openjdk-cygwin\jdk8u\hotspot\src\share\vm\classfile\systemDictionary.cpp, line 210]
Event: 6.458 Thread 0x0000000018c76000 Exception <a 'java/lang/NoSuchMethodError': java.lang.Object.lambda$static$0(Ljava/util/Set;Ljava/util/Set;)Z> (0x00000000e153df30) thrown at [D:\src\AOSP-openjdk-cygwin\jdk8u\hotspot\src\share\vm\interpreter\linkResolver.cpp, line 620]
Event: 6.458 Thread 0x0000000018c76000 Exception <a 'java/lang/NoSuchMethodError': java.lang.Object.lambda$static$1(Ljava/util/Set;Ljava/util/Set;)Z> (0x00000000e1540ea0) thrown at [D:\src\AOSP-openjdk-cygwin\jdk8u\hotspot\src\share\vm\interpreter\linkResolver.cpp, line 620]
Event: 6.459 Thread 0x0000000018c76000 Exception <a 'java/lang/NoSuchMethodError': java.lang.Object.lambda$static$2(Ljava/util/Set;Ljava/util/Set;)Z> (0x00000000e15439e0) thrown at [D:\src\AOSP-openjdk-cygwin\jdk8u\hotspot\src\share\vm\interpreter\linkResolver.cpp, line 620]
Event: 6.459 Thread 0x0000000018c76000 Exception <a 'java/lang/NoSuchMethodError': java.lang.Object.lambda$static$3(Ljava/util/Set;Ljava/util/Set;)Z> (0x00000000e1546520) thrown at [D:\src\AOSP-openjdk-cygwin\jdk8u\hotspot\src\share\vm\interpreter\linkResolver.cpp, line 620]
Event: 6.459 Thread 0x0000000018c76000 Exception <a 'java/lang/NoSuchMethodError': java.lang.Object.lambda$static$4(Ljava/util/Set;Ljava/util/Set;)Z> (0x00000000e1549060) thrown at [D:\src\AOSP-openjdk-cygwin\jdk8u\hotspot\src\share\vm\interpreter\linkResolver.cpp, line 620]
Event: 6.714 Thread 0x0000000018c76000 Exception <a 'java/lang/NoSuchMethodError': java.lang.Object.lambda$identity$2(Ljava/lang/Object;)Ljava/lang/Object;> (0x00000000e2806010) thrown at [D:\src\AOSP-openjdk-cygwin\jdk8u\hotspot\src\share\vm\interpreter\linkResolver.cpp, line 620]

Events (10 events):
Event: 6.733 loading class com/android/ide/common/resources/MergingException
Event: 6.733 loading class com/android/ide/common/resources/MergingException done
Event: 6.734 loading class com/android/ide/common/resources/AssetSet
Event: 6.734 loading class com/android/ide/common/resources/AssetSet done
Event: 6.734 loading class com/android/ide/common/resources/DataSet
Event: 6.734 loading class com/android/ide/common/resources/DataSet done
Event: 6.735 loading class com/android/ide/common/resources/SourceSet
Event: 6.735 loading class com/android/ide/common/resources/SourceSet done
Event: 6.735 loading class com/android/ide/common/resources/DataMap
Event: 6.735 loading class com/android/ide/common/resources/DataMap done


Dynamic libraries:
0x00007ff6a4310000 - 0x00007ff6a4341000 	C:\Program Files\Android\Android Studio\jre\bin\java.exe
0x00007ffb4ce10000 - 0x00007ffb4cffd000 	C:\Windows\SYSTEM32\ntdll.dll
0x00007ffb4a2c0000 - 0x00007ffb4a373000 	C:\Windows\System32\KERNEL32.DLL
0x00007ffb49770000 - 0x00007ffb49a03000 	C:\Windows\System32\KERNELBASE.dll
0x00007ffb46ba0000 - 0x00007ffb46c2c000 	C:\Windows\SYSTEM32\apphelp.dll
0x00007ffb1d0f0000 - 0x00007ffb1d581000 	C:\Windows\SYSTEM32\AcLayers.DLL
0x00007ffb4c9e0000 - 0x00007ffb4ca7e000 	C:\Windows\System32\msvcrt.dll
0x00007ffb4ad30000 - 0x00007ffb4aec7000 	C:\Windows\System32\USER32.dll
0x00007ffb49ba0000 - 0x00007ffb49bc0000 	C:\Windows\System32\win32u.dll
0x00007ffb4a290000 - 0x00007ffb4a2b9000 	C:\Windows\System32\GDI32.dll
0x00007ffb49c60000 - 0x00007ffb49df9000 	C:\Windows\System32\gdi32full.dll
0x00007ffb49bc0000 - 0x00007ffb49c60000 	C:\Windows\System32\msvcp_win.dll
0x00007ffb49a70000 - 0x00007ffb49b6a000 	C:\Windows\System32\ucrtbase.dll
0x00007ffb4ca80000 - 0x00007ffb4cad2000 	C:\Windows\System32\SHLWAPI.dll
0x00007ffb4c600000 - 0x00007ffb4c92c000 	C:\Windows\System32\combase.dll
0x00007ffb4a160000 - 0x00007ffb4a282000 	C:\Windows\System32\RPCRT4.dll
0x00007ffb496f0000 - 0x00007ffb4976e000 	C:\Windows\System32\bcryptPrimitives.dll
0x00007ffb4a9b0000 - 0x00007ffb4aa53000 	C:\Windows\System32\ADVAPI32.dll
0x00007ffb4cae0000 - 0x00007ffb4cb7e000 	C:\Windows\System32\sechost.dll
0x0000000000c10000 - 0x0000000000c13000 	C:\Windows\SYSTEM32\sfc.dll
0x00007ffb3f120000 - 0x00007ffb3f1a9000 	C:\Windows\SYSTEM32\WINSPOOL.DRV
0x00007ffb48e00000 - 0x00007ffb48e11000 	C:\Windows\System32\kernel.appcore.dll
0x00007ffb49b70000 - 0x00007ffb49b96000 	C:\Windows\System32\bcrypt.dll
0x00007ffb476f0000 - 0x00007ffb47899000 	C:\Windows\SYSTEM32\PROPSYS.dll
0x00007ffb4cbb0000 - 0x00007ffb4cc74000 	C:\Windows\System32\OLEAUT32.dll
0x00007ffb4c930000 - 0x00007ffb4c9d8000 	C:\Windows\System32\shcore.dll
0x00007ffb48330000 - 0x00007ffb4836d000 	C:\Windows\SYSTEM32\IPHLPAPI.DLL
0x00007ffb3abb0000 - 0x00007ffb3abc2000 	C:\Windows\SYSTEM32\sfc_os.DLL
0x00007ffb3c460000 - 0x00007ffb3c471000 	C:\Windows\SYSTEM32\SortWindows61.dll
0x00007ffb4cb80000 - 0x00007ffb4cbae000 	C:\Windows\System32\IMM32.DLL
0x00007ffb3f1b0000 - 0x00007ffb3f429000 	C:\Windows\WinSxS\amd64_microsoft.windows.common-controls_6595b64144ccf1df_6.0.17763.914_none_05b346b2072102f2\COMCTL32.dll
0x0000000067450000 - 0x0000000067522000 	C:\Program Files\Android\Android Studio\jre\jre\bin\msvcr100.dll
0x0000000067610000 - 0x0000000067e56000 	C:\Program Files\Android\Android Studio\jre\jre\bin\server\jvm.dll
0x00007ffb4c430000 - 0x00007ffb4c438000 	C:\Windows\System32\PSAPI.DLL
0x00007ffb3a680000 - 0x00007ffb3a689000 	C:\Windows\SYSTEM32\WSOCK32.dll
0x00007ffb479a0000 - 0x00007ffb479aa000 	C:\Windows\SYSTEM32\VERSION.dll
0x00007ffb46c30000 - 0x00007ffb46c54000 	C:\Windows\SYSTEM32\WINMM.dll
0x00007ffb4acb0000 - 0x00007ffb4ad1d000 	C:\Windows\System32\WS2_32.dll
0x00007ffb46b70000 - 0x00007ffb46b9d000 	C:\Windows\SYSTEM32\WINMMBASE.dll
0x00007ffb49fe0000 - 0x00007ffb4a02a000 	C:\Windows\System32\cfgmgr32.dll
0x00007ffb38e90000 - 0x00007ffb38e9f000 	C:\Program Files\Android\Android Studio\jre\jre\bin\verify.dll
0x00007ffb2d6a0000 - 0x00007ffb2d6c9000 	C:\Program Files\Android\Android Studio\jre\jre\bin\java.dll
0x00007ffb2dfc0000 - 0x00007ffb2dfd6000 	C:\Program Files\Android\Android Studio\jre\jre\bin\zip.dll
0x00007ffb4aed0000 - 0x00007ffb4c3c4000 	C:\Windows\System32\SHELL32.dll
0x00007ffb48ed0000 - 0x00007ffb4961d000 	C:\Windows\System32\windows.storage.dll
0x00007ffb48ea0000 - 0x00007ffb48ec4000 	C:\Windows\System32\profapi.dll
0x00007ffb48e20000 - 0x00007ffb48e7d000 	C:\Windows\System32\powrprof.dll
0x00007ffb496d0000 - 0x00007ffb496e7000 	C:\Windows\System32\cryptsp.dll
0x00007ffb2d920000 - 0x00007ffb2d93a000 	C:\Program Files\Android\Android Studio\jre\jre\bin\net.dll
0x00007ffb48610000 - 0x00007ffb48677000 	C:\Windows\system32\mswsock.dll
0x00007ffb2d500000 - 0x00007ffb2d511000 	C:\Program Files\Android\Android Studio\jre\jre\bin\nio.dll
0x00007ffb31b20000 - 0x00007ffb31b46000 	C:\Users\Admin\.gradle\native\29\windows-amd64\native-platform.dll
0x00007ffb38d70000 - 0x00007ffb38d7d000 	C:\Program Files\Android\Android Studio\jre\jre\bin\management.dll
0x00007ffb48190000 - 0x00007ffb481c3000 	C:\Windows\system32\rsaenh.dll
0x00007ffb48d00000 - 0x00007ffb48d28000 	C:\Windows\SYSTEM32\USERENV.dll
0x00007ffb487e0000 - 0x00007ffb487ec000 	C:\Windows\SYSTEM32\CRYPTBASE.dll
0x00007ffb4aa80000 - 0x00007ffb4aa88000 	C:\Windows\System32\NSI.dll
0x00007ffb431f0000 - 0x00007ffb43206000 	C:\Windows\SYSTEM32\dhcpcsvc6.DLL
0x00007ffb434a0000 - 0x00007ffb434bc000 	C:\Windows\SYSTEM32\dhcpcsvc.DLL
0x00007ffb48370000 - 0x00007ffb48436000 	C:\Windows\SYSTEM32\DNSAPI.dll
0x00007ffb38430000 - 0x00007ffb3861d000 	C:\Windows\SYSTEM32\dbghelp.dll

VM Arguments:
jvm_args: -Xmx1536m -Dfile.encoding=windows-1252 -Duser.country=IN -Duser.language=en -Duser.variant 
java_command: org.gradle.launcher.daemon.bootstrap.GradleDaemon 5.4.1
java_class_path (initial): C:\Users\Admin\.gradle\wrapper\dists\gradle-5.4.1-all\3221gyojl5jsh0helicew7rwx\gradle-5.4.1\lib\gradle-launcher-5.4.1.jar
Launcher Type: SUN_STANDARD

Environment Variables:
PATH=C:\Windows\system32;C:\Windows;C:\Windows\System32\Wbem;C:\Windows\System32\WindowsPowerShell\v1.0\;C:\Windows\System32\OpenSSH\;C:\Program Files (x86)\AOMEI Backupper;C:\Program Files\Git\cmd;C:\xampp\php;C:\ProgramData\ComposerSetup\bin;C:\Users\Admin\AppData\Local\Microsoft\WindowsApps;C:\Users\Admin\AppData\Roaming\Composer\vendor\bin
USERNAME=Admin
OS=Windows_NT
PROCESSOR_IDENTIFIER=Intel64 Family 6 Model 60 Stepping 3, GenuineIntel



---------------  S Y S T E M  ---------------

OS: Windows 10.0 , 64 bit Build 17763 (10.0.17763.475)

CPU:total 4 (initial active 4) (4 cores per cpu, 1 threads per core) family 6 model 60 stepping 3, cmov, cx8, fxsr, mmx, sse, sse2, sse3, ssse3, sse4.1, sse4.2, popcnt, avx, avx2, aes, clmul, erms, lzcnt, tsc, tscinvbit, bmi1, bmi2

Memory: 4k page, physical 8298044k(2451324k free), swap 10657340k(2426492k free)

vm_info: OpenJDK 64-Bit Server VM (25.202-b03) for windows-amd64 JRE (1.8.0_202-release-1483-b03), built by "builder" with MS VC++ 10.0 (VS2010)

time: Fri Jan 03 14:59:17 2020
timezone: India Standard Time
elapsed time: 6 seconds (0d 0h 0m 6s)

